<acceptance-test-run title="Looking up the definition of &apos;pear&apos;" name="Looking up the definition of &apos;pear&apos;" description="" steps="4" successful="2" failures="0" errors="1" skipped="1" ignored="0" pending="0" annotated-result="ERROR" result="ERROR" duration="5568" timestamp="2016-09-20T11:50:57.935-04:00" session-id="d58acc6933612c4bdbac529051dee2d8">
  <user-story id="lookup-a-definition" name="Lookup a definition" path="consult_dictionary/LookupADefinition.feature"/>
  <tags>
    <tag name="Consult dictionary" type="capability"/>
    <tag name="Consult dictionary/Lookup a definition" type="feature"/>
    <tag name="Lookup a definition" type="feature"/>
  </tags>
  <test-group name="Given the user is on the Wikionary home page" result="SUCCESS">
    <screenshots>
      <screenshot image="7d53d8f21f272a3a1cecd554c6a573a0.png"/>
      <screenshot image="aef1be34b7ceeb2dcb33c89ae953359a.png"/>
    </screenshots>
    <test-step result="SUCCESS" duration="1086">
      <screenshots>
        <screenshot image="c0d4a2b0524319660fa9b7d4b5128115.png"/>
        <screenshot image="fa04804cd2d2658692b00f4388236bef.png"/>
      </screenshots>
      <description>Is the home page</description>
    </test-step>
  </test-group>
  <test-group name="When the user looks up the definition of the word &apos;pear&apos;" result="ERROR">
    <screenshots>
      <screenshot image="aef1be34b7ceeb2dcb33c89ae953359a.png"/>
    </screenshots>
    <test-group name="Looks for: pear" result="ERROR">
      <screenshots>
        <screenshot image="aef1be34b7ceeb2dcb33c89ae953359a.png"/>
      </screenshots>
      <test-step result="SUCCESS" duration="714">
        <screenshots>
          <screenshot image="7c8420f801ff6286d1d990ec8fdde6b3.png"/>
        </screenshots>
        <description>Enters: pear</description>
      </test-step>
      <test-step result="ERROR" duration="2828">
        <screenshots>
          <screenshot image="c215967a8c636ef52c617d4a1236dc1b.png"/>
          <screenshot image="7bc3fc03c0d04fd6a0463f7724a631d4.png" source="pagesource8513194546114377468.html.txt"/>
        </screenshots>
        <description>Starts search</description>
        <error>org.openqa.selenium.NoSuchElementException: Timed out after 2 seconds. Element not found
For documentation on this error, please visit: http://seleniumhq.org/exceptions/no_such_element.html
Build info: version: &apos;2.53.1&apos;, revision: &apos;a36b8b1cd5757287168e54b817830adce9b0158d&apos;, time: &apos;2016-06-30 19:26:09&apos;
System info: host: &apos;C02S2232FVH8.local&apos;, ip: &apos;10.201.28.243&apos;, os.name: &apos;Mac OS X&apos;, os.arch: &apos;x86_64&apos;, os.version: &apos;10.11.6&apos;, java.version: &apos;1.8.0_102&apos;
Driver info: driver.version: unknown</error>
        <exception>org.openqa.selenium.NoSuchElementException:Timed out after 2 seconds. Element not found
For documentation on this error, please visit: http://seleniumhq.org/exceptions/no_such_element.html
Build info: version: &apos;2.53.1&apos;, revision: &apos;a36b8b1cd5757287168e54b817830adce9b0158d&apos;, time: &apos;2016-06-30 19:26:09&apos;
System info: host: &apos;C02S2232FVH8.local&apos;, ip: &apos;10.201.28.243&apos;, os.name: &apos;Mac OS X&apos;, os.arch: &apos;x86_64&apos;, os.version: &apos;10.11.6&apos;, java.version: &apos;1.8.0_102&apos;
Driver info: driver.version: unknown
[bah.pages.DictionaryPage.lookup_terms(DictionaryPage.java:33), bah.steps.serenity.EndUserSteps.starts_search(EndUserSteps.java:22), bah.steps.serenity.EndUserSteps.looks_for(EndUserSteps.java:38), bah.steps.DefinitionSteps.whenTheUserLooksUpTheDefinitionOf(DefinitionSteps.java:22)]</exception>
      </test-step>
    </test-group>
  </test-group>
  <test-step result="SKIPPED" duration="22">
    <description>Then they should see the definition &apos;An edible fruit produced by the pear tree, similar to an apple but elongated towards the stem.&apos;</description>
  </test-step>
</acceptance-test-run>